[2.327s] Invoking command in '/home/omar/Desktop/coe510/src/hand_gesture': PYTHONPATH=/home/omar/Desktop/coe510/build/hand_gesture/prefix_override:/usr/lib/python3/dist-packages/colcon_core/task/python/colcon_distutils_commands:/home/omar/Desktop/coe510/install/hand_gesture/lib/python3.10/site-packages:${PYTHONPATH} /usr/bin/python3 -W ignore:setup.py install is deprecated -W ignore:easy_install command is deprecated setup.py egg_info --egg-base ../../build/hand_gesture build --build-base /home/omar/Desktop/coe510/build/hand_gesture/build install --record /home/omar/Desktop/coe510/build/hand_gesture/install.log --single-version-externally-managed install_data
[2.891s] running egg_info
[2.911s] writing ../../build/hand_gesture/hand_gesture.egg-info/PKG-INFO
[2.924s] writing dependency_links to ../../build/hand_gesture/hand_gesture.egg-info/dependency_links.txt
[2.924s] writing entry points to ../../build/hand_gesture/hand_gesture.egg-info/entry_points.txt
[2.925s] writing requirements to ../../build/hand_gesture/hand_gesture.egg-info/requires.txt
[2.925s] writing top-level names to ../../build/hand_gesture/hand_gesture.egg-info/top_level.txt
[2.988s] reading manifest file '../../build/hand_gesture/hand_gesture.egg-info/SOURCES.txt'
[2.989s] adding license file 'LICENSE'
[2.991s] writing manifest file '../../build/hand_gesture/hand_gesture.egg-info/SOURCES.txt'
[2.991s] running build
[2.991s] running build_py
[2.991s] copying hand_gesture/__init__.py -> /home/omar/Desktop/coe510/build/hand_gesture/build/lib/hand_gesture
[2.992s] copying hand_gesture/robot_cmd_vel_controller.py -> /home/omar/Desktop/coe510/build/hand_gesture/build/lib/hand_gesture
[2.992s] copying hand_gesture/gesture_node.py -> /home/omar/Desktop/coe510/build/hand_gesture/build/lib/hand_gesture
[2.997s] running install
[3.006s] running install_lib
[3.037s] copying /home/omar/Desktop/coe510/build/hand_gesture/build/lib/hand_gesture/gesture_node.py -> /home/omar/Desktop/coe510/install/hand_gesture/lib/python3.10/site-packages/hand_gesture
[3.039s] byte-compiling /home/omar/Desktop/coe510/install/hand_gesture/lib/python3.10/site-packages/hand_gesture/gesture_node.py to gesture_node.cpython-310.pyc
[3.042s] running install_data
[3.042s] copying resource/hand_gesture -> /home/omar/Desktop/coe510/install/hand_gesture/share/ament_index/resource_index/packages
[3.043s] copying package.xml -> /home/omar/Desktop/coe510/install/hand_gesture/share/hand_gesture
[3.043s] running install_egg_info
[3.072s] removing '/home/omar/Desktop/coe510/install/hand_gesture/lib/python3.10/site-packages/hand_gesture-0.0.0-py3.10.egg-info' (and everything under it)
[3.073s] Copying ../../build/hand_gesture/hand_gesture.egg-info to /home/omar/Desktop/coe510/install/hand_gesture/lib/python3.10/site-packages/hand_gesture-0.0.0-py3.10.egg-info
[3.077s] running install_scripts
[3.131s] Installing gesture_node script to /home/omar/Desktop/coe510/install/hand_gesture/lib/hand_gesture
[3.132s] Installing robot_node script to /home/omar/Desktop/coe510/install/hand_gesture/lib/hand_gesture
[3.132s] writing list of installed files to '/home/omar/Desktop/coe510/build/hand_gesture/install.log'
[3.194s] Invoked command in '/home/omar/Desktop/coe510/src/hand_gesture' returned '0': PYTHONPATH=/home/omar/Desktop/coe510/build/hand_gesture/prefix_override:/usr/lib/python3/dist-packages/colcon_core/task/python/colcon_distutils_commands:/home/omar/Desktop/coe510/install/hand_gesture/lib/python3.10/site-packages:${PYTHONPATH} /usr/bin/python3 -W ignore:setup.py install is deprecated -W ignore:easy_install command is deprecated setup.py egg_info --egg-base ../../build/hand_gesture build --build-base /home/omar/Desktop/coe510/build/hand_gesture/build install --record /home/omar/Desktop/coe510/build/hand_gesture/install.log --single-version-externally-managed install_data
