[0.681s] Invoking command in '/home/omar/Desktop/coe510/src/hand_gesture': PYTHONPATH=/home/omar/Desktop/coe510/build/hand_gesture/prefix_override:/usr/lib/python3/dist-packages/colcon_core/task/python/colcon_distutils_commands:/home/omar/Desktop/coe510/install/hand_gesture/lib/python3.10/site-packages:${PYTHONPATH} /usr/bin/python3 -W ignore:setup.py install is deprecated -W ignore:easy_install command is deprecated setup.py egg_info --egg-base ../../build/hand_gesture build --build-base /home/omar/Desktop/coe510/build/hand_gesture/build install --record /home/omar/Desktop/coe510/build/hand_gesture/install.log --single-version-externally-managed install_data
[0.877s] running egg_info
[0.888s] writing ../../build/hand_gesture/hand_gesture.egg-info/PKG-INFO
[0.889s] writing dependency_links to ../../build/hand_gesture/hand_gesture.egg-info/dependency_links.txt
[0.889s] writing entry points to ../../build/hand_gesture/hand_gesture.egg-info/entry_points.txt
[0.889s] writing requirements to ../../build/hand_gesture/hand_gesture.egg-info/requires.txt
[0.889s] writing top-level names to ../../build/hand_gesture/hand_gesture.egg-info/top_level.txt
[0.914s] reading manifest file '../../build/hand_gesture/hand_gesture.egg-info/SOURCES.txt'
[0.915s] adding license file 'LICENSE'
[0.916s] writing manifest file '../../build/hand_gesture/hand_gesture.egg-info/SOURCES.txt'
[0.916s] running build
[0.916s] running build_py
[0.916s] copying hand_gesture/__init__.py -> /home/omar/Desktop/coe510/build/hand_gesture/build/lib/hand_gesture
[0.917s] copying hand_gesture/robot_cmd_vel_controller.py -> /home/omar/Desktop/coe510/build/hand_gesture/build/lib/hand_gesture
[0.917s] copying hand_gesture/gesture_node.py -> /home/omar/Desktop/coe510/build/hand_gesture/build/lib/hand_gesture
[0.917s] running install
[0.921s] running install_lib
[0.933s] copying /home/omar/Desktop/coe510/build/hand_gesture/build/lib/hand_gesture/gesture_node.py -> /home/omar/Desktop/coe510/install/hand_gesture/lib/python3.10/site-packages/hand_gesture
[0.934s] byte-compiling /home/omar/Desktop/coe510/install/hand_gesture/lib/python3.10/site-packages/hand_gesture/gesture_node.py to gesture_node.cpython-310.pyc
[0.936s] running install_data
[0.937s] copying resource/hand_gesture -> /home/omar/Desktop/coe510/install/hand_gesture/share/ament_index/resource_index/packages
[0.937s] copying package.xml -> /home/omar/Desktop/coe510/install/hand_gesture/share/hand_gesture
[0.938s] running install_egg_info
[0.951s] removing '/home/omar/Desktop/coe510/install/hand_gesture/lib/python3.10/site-packages/hand_gesture-0.0.0-py3.10.egg-info' (and everything under it)
[0.951s] Copying ../../build/hand_gesture/hand_gesture.egg-info to /home/omar/Desktop/coe510/install/hand_gesture/lib/python3.10/site-packages/hand_gesture-0.0.0-py3.10.egg-info
[0.952s] running install_scripts
[0.976s] Installing gesture_node script to /home/omar/Desktop/coe510/install/hand_gesture/lib/hand_gesture
[0.977s] Installing robot_node script to /home/omar/Desktop/coe510/install/hand_gesture/lib/hand_gesture
[0.977s] writing list of installed files to '/home/omar/Desktop/coe510/build/hand_gesture/install.log'
[0.996s] Invoked command in '/home/omar/Desktop/coe510/src/hand_gesture' returned '0': PYTHONPATH=/home/omar/Desktop/coe510/build/hand_gesture/prefix_override:/usr/lib/python3/dist-packages/colcon_core/task/python/colcon_distutils_commands:/home/omar/Desktop/coe510/install/hand_gesture/lib/python3.10/site-packages:${PYTHONPATH} /usr/bin/python3 -W ignore:setup.py install is deprecated -W ignore:easy_install command is deprecated setup.py egg_info --egg-base ../../build/hand_gesture build --build-base /home/omar/Desktop/coe510/build/hand_gesture/build install --record /home/omar/Desktop/coe510/build/hand_gesture/install.log --single-version-externally-managed install_data
