[1.173s] Invoking command in '/home/omar/Desktop/coe510/src/hand_gesture': PYTHONPATH=/home/omar/Desktop/coe510/build/hand_gesture/prefix_override:/usr/lib/python3/dist-packages/colcon_core/task/python/colcon_distutils_commands:/home/omar/Desktop/coe510/install/hand_gesture/lib/python3.10/site-packages:${PYTHONPATH} /usr/bin/python3 -W ignore:setup.py install is deprecated -W ignore:easy_install command is deprecated setup.py egg_info --egg-base ../../build/hand_gesture build --build-base /home/omar/Desktop/coe510/build/hand_gesture/build install --record /home/omar/Desktop/coe510/build/hand_gesture/install.log --single-version-externally-managed install_data
[1.771s] running egg_info
[1.795s] writing ../../build/hand_gesture/hand_gesture.egg-info/PKG-INFO
[1.797s] writing dependency_links to ../../build/hand_gesture/hand_gesture.egg-info/dependency_links.txt
[1.797s] writing entry points to ../../build/hand_gesture/hand_gesture.egg-info/entry_points.txt
[1.798s] writing requirements to ../../build/hand_gesture/hand_gesture.egg-info/requires.txt
[1.799s] writing top-level names to ../../build/hand_gesture/hand_gesture.egg-info/top_level.txt
[1.844s] reading manifest file '../../build/hand_gesture/hand_gesture.egg-info/SOURCES.txt'
[1.845s] adding license file 'LICENSE'
[1.847s] writing manifest file '../../build/hand_gesture/hand_gesture.egg-info/SOURCES.txt'
[1.848s] running build
[1.848s] running build_py
[1.850s] copying hand_gesture/__init__.py -> /home/omar/Desktop/coe510/build/hand_gesture/build/lib/hand_gesture
[1.850s] copying hand_gesture/robot_cmd_vel_controller.py -> /home/omar/Desktop/coe510/build/hand_gesture/build/lib/hand_gesture
[1.850s] copying hand_gesture/gesture_node.py -> /home/omar/Desktop/coe510/build/hand_gesture/build/lib/hand_gesture
[1.851s] running install
[1.857s] running install_lib
[1.880s] copying /home/omar/Desktop/coe510/build/hand_gesture/build/lib/hand_gesture/robot_cmd_vel_controller.py -> /home/omar/Desktop/coe510/install/hand_gesture/lib/python3.10/site-packages/hand_gesture
[1.882s] byte-compiling /home/omar/Desktop/coe510/install/hand_gesture/lib/python3.10/site-packages/hand_gesture/robot_cmd_vel_controller.py to robot_cmd_vel_controller.cpython-310.pyc
[1.883s] running install_data
[1.884s] copying resource/hand_gesture -> /home/omar/Desktop/coe510/install/hand_gesture/share/ament_index/resource_index/packages
[1.884s] copying package.xml -> /home/omar/Desktop/coe510/install/hand_gesture/share/hand_gesture
[1.884s] running install_egg_info
[1.907s] removing '/home/omar/Desktop/coe510/install/hand_gesture/lib/python3.10/site-packages/hand_gesture-0.0.0-py3.10.egg-info' (and everything under it)
[1.909s] Copying ../../build/hand_gesture/hand_gesture.egg-info to /home/omar/Desktop/coe510/install/hand_gesture/lib/python3.10/site-packages/hand_gesture-0.0.0-py3.10.egg-info
[1.910s] running install_scripts
[1.951s] Installing gesture_node script to /home/omar/Desktop/coe510/install/hand_gesture/lib/hand_gesture
[1.951s] Installing robot_node script to /home/omar/Desktop/coe510/install/hand_gesture/lib/hand_gesture
[1.951s] writing list of installed files to '/home/omar/Desktop/coe510/build/hand_gesture/install.log'
[1.981s] Invoked command in '/home/omar/Desktop/coe510/src/hand_gesture' returned '0': PYTHONPATH=/home/omar/Desktop/coe510/build/hand_gesture/prefix_override:/usr/lib/python3/dist-packages/colcon_core/task/python/colcon_distutils_commands:/home/omar/Desktop/coe510/install/hand_gesture/lib/python3.10/site-packages:${PYTHONPATH} /usr/bin/python3 -W ignore:setup.py install is deprecated -W ignore:easy_install command is deprecated setup.py egg_info --egg-base ../../build/hand_gesture build --build-base /home/omar/Desktop/coe510/build/hand_gesture/build install --record /home/omar/Desktop/coe510/build/hand_gesture/install.log --single-version-externally-managed install_data
