[2.352s] Invoking command in '/home/omar/Desktop/coe510/src/hand_gesture': PYTHONPATH=/home/omar/Desktop/coe510/build/hand_gesture/prefix_override:/usr/lib/python3/dist-packages/colcon_core/task/python/colcon_distutils_commands:/home/omar/Desktop/coe510/install/hand_gesture/lib/python3.10/site-packages:${PYTHONPATH} /usr/bin/python3 -W ignore:setup.py install is deprecated -W ignore:easy_install command is deprecated setup.py egg_info --egg-base ../../build/hand_gesture build --build-base /home/omar/Desktop/coe510/build/hand_gesture/build install --record /home/omar/Desktop/coe510/build/hand_gesture/install.log --single-version-externally-managed install_data
[2.979s] running egg_info
[3.002s] writing ../../build/hand_gesture/hand_gesture.egg-info/PKG-INFO
[3.004s] writing dependency_links to ../../build/hand_gesture/hand_gesture.egg-info/dependency_links.txt
[3.005s] writing entry points to ../../build/hand_gesture/hand_gesture.egg-info/entry_points.txt
[3.007s] writing requirements to ../../build/hand_gesture/hand_gesture.egg-info/requires.txt
[3.008s] writing top-level names to ../../build/hand_gesture/hand_gesture.egg-info/top_level.txt
[3.054s] reading manifest file '../../build/hand_gesture/hand_gesture.egg-info/SOURCES.txt'
[3.056s] adding license file 'LICENSE'
[3.058s] writing manifest file '../../build/hand_gesture/hand_gesture.egg-info/SOURCES.txt'
[3.059s] running build
[3.059s] running build_py
[3.059s] copying hand_gesture/__init__.py -> /home/omar/Desktop/coe510/build/hand_gesture/build/lib/hand_gesture
[3.059s] copying hand_gesture/robot_cmd_vel_controller.py -> /home/omar/Desktop/coe510/build/hand_gesture/build/lib/hand_gesture
[3.059s] copying hand_gesture/gesture_node.py -> /home/omar/Desktop/coe510/build/hand_gesture/build/lib/hand_gesture
[3.060s] running install
[3.066s] running install_lib
[3.092s] copying /home/omar/Desktop/coe510/build/hand_gesture/build/lib/hand_gesture/gesture_node.py -> /home/omar/Desktop/coe510/install/hand_gesture/lib/python3.10/site-packages/hand_gesture
[3.095s] byte-compiling /home/omar/Desktop/coe510/install/hand_gesture/lib/python3.10/site-packages/hand_gesture/gesture_node.py to gesture_node.cpython-310.pyc
[3.097s] running install_data
[3.098s] copying resource/hand_gesture -> /home/omar/Desktop/coe510/install/hand_gesture/share/ament_index/resource_index/packages
[3.101s] copying package.xml -> /home/omar/Desktop/coe510/install/hand_gesture/share/hand_gesture
[3.102s] running install_egg_info
[3.151s] removing '/home/omar/Desktop/coe510/install/hand_gesture/lib/python3.10/site-packages/hand_gesture-0.0.0-py3.10.egg-info' (and everything under it)
[3.152s] Copying ../../build/hand_gesture/hand_gesture.egg-info to /home/omar/Desktop/coe510/install/hand_gesture/lib/python3.10/site-packages/hand_gesture-0.0.0-py3.10.egg-info
[3.154s] running install_scripts
[3.245s] Installing gesture_node script to /home/omar/Desktop/coe510/install/hand_gesture/lib/hand_gesture
[3.247s] Installing robot_node script to /home/omar/Desktop/coe510/install/hand_gesture/lib/hand_gesture
[3.248s] writing list of installed files to '/home/omar/Desktop/coe510/build/hand_gesture/install.log'
[3.503s] Invoked command in '/home/omar/Desktop/coe510/src/hand_gesture' returned '0': PYTHONPATH=/home/omar/Desktop/coe510/build/hand_gesture/prefix_override:/usr/lib/python3/dist-packages/colcon_core/task/python/colcon_distutils_commands:/home/omar/Desktop/coe510/install/hand_gesture/lib/python3.10/site-packages:${PYTHONPATH} /usr/bin/python3 -W ignore:setup.py install is deprecated -W ignore:easy_install command is deprecated setup.py egg_info --egg-base ../../build/hand_gesture build --build-base /home/omar/Desktop/coe510/build/hand_gesture/build install --record /home/omar/Desktop/coe510/build/hand_gesture/install.log --single-version-externally-managed install_data
