[5.236s] Invoking command in '/home/omar/Desktop/coe510/src/hand_gesture': PYTHONPATH=/home/omar/Desktop/coe510/build/hand_gesture/prefix_override:/usr/lib/python3/dist-packages/colcon_core/task/python/colcon_distutils_commands:/home/omar/Desktop/coe510/install/hand_gesture/lib/python3.10/site-packages:${PYTHONPATH} /usr/bin/python3 -W ignore:setup.py install is deprecated -W ignore:easy_install command is deprecated setup.py egg_info --egg-base ../../build/hand_gesture build --build-base /home/omar/Desktop/coe510/build/hand_gesture/build install --record /home/omar/Desktop/coe510/build/hand_gesture/install.log --single-version-externally-managed install_data
[6.376s] running egg_info
[6.423s] writing ../../build/hand_gesture/hand_gesture.egg-info/PKG-INFO
[6.423s] writing dependency_links to ../../build/hand_gesture/hand_gesture.egg-info/dependency_links.txt
[6.423s] writing entry points to ../../build/hand_gesture/hand_gesture.egg-info/entry_points.txt
[6.424s] writing requirements to ../../build/hand_gesture/hand_gesture.egg-info/requires.txt
[6.425s] writing top-level names to ../../build/hand_gesture/hand_gesture.egg-info/top_level.txt
[6.506s] reading manifest file '../../build/hand_gesture/hand_gesture.egg-info/SOURCES.txt'
[6.508s] adding license file 'LICENSE'
[6.510s] writing manifest file '../../build/hand_gesture/hand_gesture.egg-info/SOURCES.txt'
[6.512s] running build
[6.512s] running build_py
[6.513s] copying hand_gesture/__init__.py -> /home/omar/Desktop/coe510/build/hand_gesture/build/lib/hand_gesture
[6.514s] copying hand_gesture/robot_cmd_vel_controller.py -> /home/omar/Desktop/coe510/build/hand_gesture/build/lib/hand_gesture
[6.514s] copying hand_gesture/gesture_node.py -> /home/omar/Desktop/coe510/build/hand_gesture/build/lib/hand_gesture
[6.515s] running install
[6.523s] running install_lib
[6.572s] copying /home/omar/Desktop/coe510/build/hand_gesture/build/lib/hand_gesture/gesture_node.py -> /home/omar/Desktop/coe510/install/hand_gesture/lib/python3.10/site-packages/hand_gesture
[6.573s] byte-compiling /home/omar/Desktop/coe510/install/hand_gesture/lib/python3.10/site-packages/hand_gesture/gesture_node.py to gesture_node.cpython-310.pyc
[6.575s] running install_data
[6.577s] copying resource/hand_gesture -> /home/omar/Desktop/coe510/install/hand_gesture/share/ament_index/resource_index/packages
[6.577s] copying package.xml -> /home/omar/Desktop/coe510/install/hand_gesture/share/hand_gesture
[6.578s] running install_egg_info
[6.613s] removing '/home/omar/Desktop/coe510/install/hand_gesture/lib/python3.10/site-packages/hand_gesture-0.0.0-py3.10.egg-info' (and everything under it)
[6.614s] Copying ../../build/hand_gesture/hand_gesture.egg-info to /home/omar/Desktop/coe510/install/hand_gesture/lib/python3.10/site-packages/hand_gesture-0.0.0-py3.10.egg-info
[6.616s] running install_scripts
[6.697s] Installing gesture_node script to /home/omar/Desktop/coe510/install/hand_gesture/lib/hand_gesture
[6.697s] Installing robot_node script to /home/omar/Desktop/coe510/install/hand_gesture/lib/hand_gesture
[6.698s] writing list of installed files to '/home/omar/Desktop/coe510/build/hand_gesture/install.log'
[6.799s] Invoked command in '/home/omar/Desktop/coe510/src/hand_gesture' returned '0': PYTHONPATH=/home/omar/Desktop/coe510/build/hand_gesture/prefix_override:/usr/lib/python3/dist-packages/colcon_core/task/python/colcon_distutils_commands:/home/omar/Desktop/coe510/install/hand_gesture/lib/python3.10/site-packages:${PYTHONPATH} /usr/bin/python3 -W ignore:setup.py install is deprecated -W ignore:easy_install command is deprecated setup.py egg_info --egg-base ../../build/hand_gesture build --build-base /home/omar/Desktop/coe510/build/hand_gesture/build install --record /home/omar/Desktop/coe510/build/hand_gesture/install.log --single-version-externally-managed install_data
