[0.324s] [34mcolcon[0m [1;30mDEBUG[0m [32mCommand line arguments: ['/usr/bin/colcon', 'build'][0m
[0.325s] [34mcolcon[0m [1;30mDEBUG[0m [32mParsed command line arguments: Namespace(log_base=None, log_level=None, verb_name='build', build_base='build', install_base='install', merge_install=False, symlink_install=False, test_result_base=None, continue_on_error=False, executor='parallel', parallel_workers=4, event_handlers=None, ignore_user_meta=False, metas=['./colcon.meta'], base_paths=['.'], packages_ignore=None, packages_ignore_regex=None, paths=None, packages_up_to=None, packages_up_to_regex=None, packages_above=None, packages_above_and_dependencies=None, packages_above_depth=None, packages_select_by_dep=None, packages_skip_by_dep=None, packages_skip_up_to=None, packages_select_build_failed=False, packages_skip_build_finished=False, packages_select_test_failures=False, packages_skip_test_passed=False, packages_select=None, packages_skip=None, packages_select_regex=None, packages_skip_regex=None, packages_start=None, packages_end=None, allow_overriding=[], cmake_args=None, cmake_target=None, cmake_target_skip_unavailable=False, cmake_clean_cache=False, cmake_clean_first=False, cmake_force_configure=False, ament_cmake_args=None, catkin_cmake_args=None, catkin_skip_building_tests=False, mixin_files=None, mixin=None, verb_parser=<colcon_mixin.mixin.mixin_argument.MixinArgumentDecorator object at 0xffff9fe158a0>, verb_extension=<colcon_core.verb.build.BuildVerb object at 0xffff9fe14c40>, main=<bound method BuildVerb.main of <colcon_core.verb.build.BuildVerb object at 0xffff9fe14c40>>, mixin_verb=('build',))[0m
[0.473s] [34mcolcon.colcon_core.package_discovery[0m [1;30mLevel 1[0m discover_packages(colcon_meta) check parameters
[0.475s] [34mcolcon.colcon_core.package_discovery[0m [1;30mLevel 1[0m discover_packages(recursive) check parameters
[0.475s] [34mcolcon.colcon_core.package_discovery[0m [1;30mLevel 1[0m discover_packages(ignore) check parameters
[0.477s] [34mcolcon.colcon_core.package_discovery[0m [1;30mLevel 1[0m discover_packages(path) check parameters
[0.477s] [34mcolcon.colcon_core.package_discovery[0m [1;30mLevel 1[0m discover_packages(colcon_meta) discover
[0.478s] [34mcolcon.colcon_core.package_discovery[0m [1;30mLevel 1[0m discover_packages(recursive) discover
[0.478s] [34mcolcon.colcon_core.package_discovery[0m [1;30mINFO[0m Crawling recursively for packages in '/home/omar/Desktop/coe510'
[0.691s] [34mcolcon.colcon_core.package_identification[0m [1;30mLevel 1[0m _identify(.) by extensions ['ignore', 'ignore_ament_install']
[0.710s] [34mcolcon.colcon_core.package_identification[0m [1;30mLevel 1[0m _identify(.) by extension 'ignore'
[0.712s] [34mcolcon.colcon_core.package_identification[0m [1;30mLevel 1[0m _identify(.) by extension 'ignore_ament_install'
[0.712s] [34mcolcon.colcon_core.package_identification[0m [1;30mLevel 1[0m _identify(.) by extensions ['colcon_pkg']
[0.712s] [34mcolcon.colcon_core.package_identification[0m [1;30mLevel 1[0m _identify(.) by extension 'colcon_pkg'
[0.712s] [34mcolcon.colcon_core.package_identification[0m [1;30mLevel 1[0m _identify(.) by extensions ['colcon_meta']
[0.713s] [34mcolcon.colcon_core.package_identification[0m [1;30mLevel 1[0m _identify(.) by extension 'colcon_meta'
[0.713s] [34mcolcon.colcon_core.package_identification[0m [1;30mLevel 1[0m _identify(.) by extensions ['ros']
[0.713s] [34mcolcon.colcon_core.package_identification[0m [1;30mLevel 1[0m _identify(.) by extension 'ros'
[0.883s] [34mcolcon.colcon_core.package_identification[0m [1;30mLevel 1[0m _identify(.) by extensions ['cmake', 'python']
[0.884s] [34mcolcon.colcon_core.package_identification[0m [1;30mLevel 1[0m _identify(.) by extension 'cmake'
[0.884s] [34mcolcon.colcon_core.package_identification[0m [1;30mLevel 1[0m _identify(.) by extension 'python'
[0.884s] [34mcolcon.colcon_core.package_identification[0m [1;30mLevel 1[0m _identify(.) by extensions ['python_setup_py']
[0.884s] [34mcolcon.colcon_core.package_identification[0m [1;30mLevel 1[0m _identify(.) by extension 'python_setup_py'
[0.885s] [34mcolcon.colcon_core.package_identification[0m [1;30mLevel 1[0m _identify(build) by extensions ['ignore', 'ignore_ament_install']
[0.887s] [34mcolcon.colcon_core.package_identification[0m [1;30mLevel 1[0m _identify(build) by extension 'ignore'
[0.888s] [34mcolcon.colcon_core.package_identification[0m [1;30mLevel 1[0m _identify(build) ignored
[0.890s] [34mcolcon.colcon_core.package_identification[0m [1;30mLevel 1[0m _identify(install) by extensions ['ignore', 'ignore_ament_install']
[0.890s] [34mcolcon.colcon_core.package_identification[0m [1;30mLevel 1[0m _identify(install) by extension 'ignore'
[0.891s] [34mcolcon.colcon_core.package_identification[0m [1;30mLevel 1[0m _identify(install) ignored
[0.891s] [34mcolcon.colcon_core.package_identification[0m [1;30mLevel 1[0m _identify(log) by extensions ['ignore', 'ignore_ament_install']
[0.891s] [34mcolcon.colcon_core.package_identification[0m [1;30mLevel 1[0m _identify(log) by extension 'ignore'
[0.892s] [34mcolcon.colcon_core.package_identification[0m [1;30mLevel 1[0m _identify(log) ignored
[0.892s] [34mcolcon.colcon_core.package_identification[0m [1;30mLevel 1[0m _identify(src) by extensions ['ignore', 'ignore_ament_install']
[0.892s] [34mcolcon.colcon_core.package_identification[0m [1;30mLevel 1[0m _identify(src) by extension 'ignore'
[0.892s] [34mcolcon.colcon_core.package_identification[0m [1;30mLevel 1[0m _identify(src) by extension 'ignore_ament_install'
[0.893s] [34mcolcon.colcon_core.package_identification[0m [1;30mLevel 1[0m _identify(src) by extensions ['colcon_pkg']
[0.893s] [34mcolcon.colcon_core.package_identification[0m [1;30mLevel 1[0m _identify(src) by extension 'colcon_pkg'
[0.893s] [34mcolcon.colcon_core.package_identification[0m [1;30mLevel 1[0m _identify(src) by extensions ['colcon_meta']
[0.893s] [34mcolcon.colcon_core.package_identification[0m [1;30mLevel 1[0m _identify(src) by extension 'colcon_meta'
[0.894s] [34mcolcon.colcon_core.package_identification[0m [1;30mLevel 1[0m _identify(src) by extensions ['ros']
[0.894s] [34mcolcon.colcon_core.package_identification[0m [1;30mLevel 1[0m _identify(src) by extension 'ros'
[0.895s] [34mcolcon.colcon_core.package_identification[0m [1;30mLevel 1[0m _identify(src) by extensions ['cmake', 'python']
[0.899s] [34mcolcon.colcon_core.package_identification[0m [1;30mLevel 1[0m _identify(src) by extension 'cmake'
[0.900s] [34mcolcon.colcon_core.package_identification[0m [1;30mLevel 1[0m _identify(src) by extension 'python'
[0.901s] [34mcolcon.colcon_core.package_identification[0m [1;30mLevel 1[0m _identify(src) by extensions ['python_setup_py']
[0.902s] [34mcolcon.colcon_core.package_identification[0m [1;30mLevel 1[0m _identify(src) by extension 'python_setup_py'
[0.904s] [34mcolcon.colcon_core.package_identification[0m [1;30mLevel 1[0m _identify(src/hand_gesture) by extensions ['ignore', 'ignore_ament_install']
[0.905s] [34mcolcon.colcon_core.package_identification[0m [1;30mLevel 1[0m _identify(src/hand_gesture) by extension 'ignore'
[0.905s] [34mcolcon.colcon_core.package_identification[0m [1;30mLevel 1[0m _identify(src/hand_gesture) by extension 'ignore_ament_install'
[0.906s] [34mcolcon.colcon_core.package_identification[0m [1;30mLevel 1[0m _identify(src/hand_gesture) by extensions ['colcon_pkg']
[0.907s] [34mcolcon.colcon_core.package_identification[0m [1;30mLevel 1[0m _identify(src/hand_gesture) by extension 'colcon_pkg'
[0.909s] [34mcolcon.colcon_core.package_identification[0m [1;30mLevel 1[0m _identify(src/hand_gesture) by extensions ['colcon_meta']
[0.910s] [34mcolcon.colcon_core.package_identification[0m [1;30mLevel 1[0m _identify(src/hand_gesture) by extension 'colcon_meta'
[0.911s] [34mcolcon.colcon_core.package_identification[0m [1;30mLevel 1[0m _identify(src/hand_gesture) by extensions ['ros']
[0.911s] [34mcolcon.colcon_core.package_identification[0m [1;30mLevel 1[0m _identify(src/hand_gesture) by extension 'ros'
[0.920s] [34mcolcon.colcon_core.package_identification[0m [1;30mDEBUG[0m [32mPackage 'src/hand_gesture' with type 'ros.ament_python' and name 'hand_gesture'[0m
[0.920s] [34mcolcon.colcon_core.package_discovery[0m [1;30mLevel 1[0m discover_packages(recursive) using defaults
[0.921s] [34mcolcon.colcon_core.package_discovery[0m [1;30mLevel 1[0m discover_packages(ignore) discover
[0.921s] [34mcolcon.colcon_core.package_discovery[0m [1;30mLevel 1[0m discover_packages(ignore) using defaults
[0.922s] [34mcolcon.colcon_core.package_discovery[0m [1;30mLevel 1[0m discover_packages(path) discover
[0.922s] [34mcolcon.colcon_core.package_discovery[0m [1;30mLevel 1[0m discover_packages(path) using defaults
[1.135s] [34mcolcon.colcon_core.package_discovery[0m [1;30mLevel 1[0m discover_packages(prefix_path) check parameters
[1.138s] [34mcolcon.colcon_core.package_discovery[0m [1;30mLevel 1[0m discover_packages(prefix_path) discover
[1.192s] [34mcolcon.colcon_installed_package_information.package_discovery[0m [1;30mDEBUG[0m [32mFound 1 installed packages in /home/omar/Desktop/coe510/install[0m
[1.195s] [34mcolcon.colcon_installed_package_information.package_discovery[0m [1;30mDEBUG[0m [32mFound 199 installed packages in /opt/ros/humble[0m
[1.201s] [34mcolcon.colcon_core.package_discovery[0m [1;30mLevel 1[0m discover_packages(prefix_path) using defaults
[1.454s] [34mcolcon.colcon_core.verb[0m [1;30mLevel 5[0m set package 'hand_gesture' build argument 'cmake_args' from command line to 'None'
[1.455s] [34mcolcon.colcon_core.verb[0m [1;30mLevel 5[0m set package 'hand_gesture' build argument 'cmake_target' from command line to 'None'
[1.456s] [34mcolcon.colcon_core.verb[0m [1;30mLevel 5[0m set package 'hand_gesture' build argument 'cmake_target_skip_unavailable' from command line to 'False'
[1.456s] [34mcolcon.colcon_core.verb[0m [1;30mLevel 5[0m set package 'hand_gesture' build argument 'cmake_clean_cache' from command line to 'False'
[1.456s] [34mcolcon.colcon_core.verb[0m [1;30mLevel 5[0m set package 'hand_gesture' build argument 'cmake_clean_first' from command line to 'False'
[1.456s] [34mcolcon.colcon_core.verb[0m [1;30mLevel 5[0m set package 'hand_gesture' build argument 'cmake_force_configure' from command line to 'False'
[1.457s] [34mcolcon.colcon_core.verb[0m [1;30mLevel 5[0m set package 'hand_gesture' build argument 'ament_cmake_args' from command line to 'None'
[1.457s] [34mcolcon.colcon_core.verb[0m [1;30mLevel 5[0m set package 'hand_gesture' build argument 'catkin_cmake_args' from command line to 'None'
[1.457s] [34mcolcon.colcon_core.verb[0m [1;30mLevel 5[0m set package 'hand_gesture' build argument 'catkin_skip_building_tests' from command line to 'False'
[1.457s] [34mcolcon.colcon_core.verb[0m [1;30mDEBUG[0m [32mBuilding package 'hand_gesture' with the following arguments: {'ament_cmake_args': None, 'build_base': '/home/omar/Desktop/coe510/build/hand_gesture', 'catkin_cmake_args': None, 'catkin_skip_building_tests': False, 'cmake_args': None, 'cmake_clean_cache': False, 'cmake_clean_first': False, 'cmake_force_configure': False, 'cmake_target': None, 'cmake_target_skip_unavailable': False, 'install_base': '/home/omar/Desktop/coe510/install/hand_gesture', 'merge_install': False, 'path': '/home/omar/Desktop/coe510/src/hand_gesture', 'symlink_install': False, 'test_result_base': None}[0m
[1.458s] [34mcolcon.colcon_core.executor[0m [1;30mINFO[0m Executing jobs using 'parallel' executor
[1.464s] [34mcolcon.colcon_parallel_executor.executor.parallel[0m [1;30mDEBUG[0m [32mrun_until_complete[0m
[1.467s] [34mcolcon.colcon_ros.task.ament_python.build[0m [1;30mINFO[0m Building ROS package in '/home/omar/Desktop/coe510/src/hand_gesture' with build type 'ament_python'
[1.468s] [34mcolcon.colcon_core.shell[0m [1;30mLevel 1[0m create_environment_hook('hand_gesture', 'ament_prefix_path')
[1.473s] [34mcolcon.colcon_core.plugin_system[0m [1;30mINFO[0m Skipping extension 'colcon_core.shell.bat': Not used on non-Windows systems
[1.476s] [34mcolcon.colcon_core.shell[0m [1;30mINFO[0m Creating environment hook '/home/omar/Desktop/coe510/install/hand_gesture/share/hand_gesture/hook/ament_prefix_path.ps1'
[1.479s] [34mcolcon.colcon_core.shell[0m [1;30mINFO[0m Creating environment descriptor '/home/omar/Desktop/coe510/install/hand_gesture/share/hand_gesture/hook/ament_prefix_path.dsv'
[1.482s] [34mcolcon.colcon_core.shell[0m [1;30mINFO[0m Creating environment hook '/home/omar/Desktop/coe510/install/hand_gesture/share/hand_gesture/hook/ament_prefix_path.sh'
[1.487s] [34mcolcon.colcon_core.shell[0m [1;30mINFO[0m Skip shell extension 'powershell' for command environment: Not usable outside of PowerShell
[1.487s] [34mcolcon.colcon_core.shell[0m [1;30mDEBUG[0m [32mSkip shell extension 'dsv' for command environment[0m
[2.219s] [34mcolcon.colcon_core.task.python.build[0m [1;30mINFO[0m Building Python package in '/home/omar/Desktop/coe510/src/hand_gesture'
[2.222s] [34mcolcon.colcon_core.shell[0m [1;30mINFO[0m Skip shell extension 'powershell' for command environment: Not usable outside of PowerShell
[2.222s] [34mcolcon.colcon_core.shell[0m [1;30mDEBUG[0m [32mSkip shell extension 'dsv' for command environment[0m
[3.803s] [34mcolcon.colcon_core.event_handler.log_command[0m [1;30mDEBUG[0m [32mInvoking command in '/home/omar/Desktop/coe510/src/hand_gesture': PYTHONPATH=/home/omar/Desktop/coe510/build/hand_gesture/prefix_override:/usr/lib/python3/dist-packages/colcon_core/task/python/colcon_distutils_commands:/home/omar/Desktop/coe510/install/hand_gesture/lib/python3.10/site-packages:${PYTHONPATH} /usr/bin/python3 -W ignore:setup.py install is deprecated -W ignore:easy_install command is deprecated setup.py egg_info --egg-base ../../build/hand_gesture build --build-base /home/omar/Desktop/coe510/build/hand_gesture/build install --record /home/omar/Desktop/coe510/build/hand_gesture/install.log --single-version-externally-managed install_data[0m
[4.669s] [34mcolcon.colcon_core.event_handler.log_command[0m [1;30mDEBUG[0m [32mInvoked command in '/home/omar/Desktop/coe510/src/hand_gesture' returned '0': PYTHONPATH=/home/omar/Desktop/coe510/build/hand_gesture/prefix_override:/usr/lib/python3/dist-packages/colcon_core/task/python/colcon_distutils_commands:/home/omar/Desktop/coe510/install/hand_gesture/lib/python3.10/site-packages:${PYTHONPATH} /usr/bin/python3 -W ignore:setup.py install is deprecated -W ignore:easy_install command is deprecated setup.py egg_info --egg-base ../../build/hand_gesture build --build-base /home/omar/Desktop/coe510/build/hand_gesture/build install --record /home/omar/Desktop/coe510/build/hand_gesture/install.log --single-version-externally-managed install_data[0m
[4.682s] [34mcolcon.colcon_core.environment[0m [1;30mLevel 1[0m checking '/home/omar/Desktop/coe510/install/hand_gesture' for CMake module files
[4.684s] [34mcolcon.colcon_core.environment[0m [1;30mLevel 1[0m checking '/home/omar/Desktop/coe510/install/hand_gesture' for CMake config files
[4.695s] [34mcolcon.colcon_core.environment[0m [1;30mLevel 1[0m checking '/home/omar/Desktop/coe510/install/hand_gesture/lib'
[4.697s] [34mcolcon.colcon_core.environment[0m [1;30mLevel 1[0m checking '/home/omar/Desktop/coe510/install/hand_gesture/bin'
[4.697s] [34mcolcon.colcon_core.environment[0m [1;30mLevel 1[0m checking '/home/omar/Desktop/coe510/install/hand_gesture/lib/pkgconfig/hand_gesture.pc'
[4.698s] [34mcolcon.colcon_core.environment[0m [1;30mLevel 1[0m checking '/home/omar/Desktop/coe510/install/hand_gesture/lib/python3.10/site-packages'
[4.699s] [34mcolcon.colcon_core.shell[0m [1;30mLevel 1[0m create_environment_hook('hand_gesture', 'pythonpath')
[4.700s] [34mcolcon.colcon_core.shell[0m [1;30mINFO[0m Creating environment hook '/home/omar/Desktop/coe510/install/hand_gesture/share/hand_gesture/hook/pythonpath.ps1'
[4.702s] [34mcolcon.colcon_core.shell[0m [1;30mINFO[0m Creating environment descriptor '/home/omar/Desktop/coe510/install/hand_gesture/share/hand_gesture/hook/pythonpath.dsv'
[4.703s] [34mcolcon.colcon_core.shell[0m [1;30mINFO[0m Creating environment hook '/home/omar/Desktop/coe510/install/hand_gesture/share/hand_gesture/hook/pythonpath.sh'
[4.712s] [34mcolcon.colcon_core.environment[0m [1;30mLevel 1[0m checking '/home/omar/Desktop/coe510/install/hand_gesture/bin'
[4.714s] [34mcolcon.colcon_core.environment[0m [1;30mLevel 1[0m create_environment_scripts_only(hand_gesture)
[4.715s] [34mcolcon.colcon_core.shell[0m [1;30mINFO[0m Creating package script '/home/omar/Desktop/coe510/install/hand_gesture/share/hand_gesture/package.ps1'
[4.718s] [34mcolcon.colcon_core.shell[0m [1;30mINFO[0m Creating package descriptor '/home/omar/Desktop/coe510/install/hand_gesture/share/hand_gesture/package.dsv'
[4.719s] [34mcolcon.colcon_core.shell[0m [1;30mINFO[0m Creating package script '/home/omar/Desktop/coe510/install/hand_gesture/share/hand_gesture/package.sh'
[4.721s] [34mcolcon.colcon_core.shell[0m [1;30mINFO[0m Creating package script '/home/omar/Desktop/coe510/install/hand_gesture/share/hand_gesture/package.bash'
[4.723s] [34mcolcon.colcon_core.shell[0m [1;30mINFO[0m Creating package script '/home/omar/Desktop/coe510/install/hand_gesture/share/hand_gesture/package.zsh'
[4.726s] [34mcolcon.colcon_core.environment[0m [1;30mLevel 1[0m create_file_with_runtime_dependencies(/home/omar/Desktop/coe510/install/hand_gesture/share/colcon-core/packages/hand_gesture)
[4.730s] [34mcolcon.colcon_parallel_executor.executor.parallel[0m [1;30mDEBUG[0m [32mclosing loop[0m
[4.732s] [34mcolcon.colcon_parallel_executor.executor.parallel[0m [1;30mDEBUG[0m [32mloop closed[0m
[4.732s] [34mcolcon.colcon_parallel_executor.executor.parallel[0m [1;30mDEBUG[0m [32mrun_until_complete finished with '0'[0m
[4.732s] [34mcolcon.colcon_core.event_reactor[0m [1;30mDEBUG[0m [32mjoining thread[0m
[4.834s] [34mcolcon.colcon_core.plugin_system[0m [1;30mINFO[0m Skipping extension 'colcon_notification.desktop_notification.terminal_notifier': Not used on non-Darwin systems
[4.835s] [34mcolcon.colcon_core.plugin_system[0m [1;30mINFO[0m Skipping extension 'colcon_notification.desktop_notification.win32': Not used on non-Windows systems
[4.835s] [34mcolcon.colcon_notification.desktop_notification[0m [1;30mINFO[0m Sending desktop notification using 'notify2'
[5.098s] [34mcolcon.colcon_core.event_reactor[0m [1;30mDEBUG[0m [32mjoined thread[0m
[5.100s] [34mcolcon.colcon_core.shell[0m [1;30mINFO[0m Creating prefix script '/home/omar/Desktop/coe510/install/local_setup.ps1'
[5.102s] [34mcolcon.colcon_core.shell[0m [1;30mINFO[0m Creating prefix util module '/home/omar/Desktop/coe510/install/_local_setup_util_ps1.py'
[5.104s] [34mcolcon.colcon_core.shell[0m [1;30mINFO[0m Creating prefix chain script '/home/omar/Desktop/coe510/install/setup.ps1'
[5.105s] [34mcolcon.colcon_core.shell[0m [1;30mINFO[0m Creating prefix script '/home/omar/Desktop/coe510/install/local_setup.sh'
[5.106s] [34mcolcon.colcon_core.shell[0m [1;30mINFO[0m Creating prefix util module '/home/omar/Desktop/coe510/install/_local_setup_util_sh.py'
[5.109s] [34mcolcon.colcon_core.shell[0m [1;30mINFO[0m Creating prefix chain script '/home/omar/Desktop/coe510/install/setup.sh'
[5.110s] [34mcolcon.colcon_core.shell[0m [1;30mINFO[0m Creating prefix script '/home/omar/Desktop/coe510/install/local_setup.bash'
[5.110s] [34mcolcon.colcon_core.shell[0m [1;30mINFO[0m Creating prefix chain script '/home/omar/Desktop/coe510/install/setup.bash'
[5.111s] [34mcolcon.colcon_core.shell[0m [1;30mINFO[0m Creating prefix script '/home/omar/Desktop/coe510/install/local_setup.zsh'
[5.113s] [34mcolcon.colcon_core.shell[0m [1;30mINFO[0m Creating prefix chain script '/home/omar/Desktop/coe510/install/setup.zsh'
