[2.773s] Invoking command in '/home/omar/Desktop/coe510/src/hand_gesture': PYTHONPATH=/home/omar/Desktop/coe510/build/hand_gesture/prefix_override:/usr/lib/python3/dist-packages/colcon_core/task/python/colcon_distutils_commands:/home/omar/Desktop/coe510/install/hand_gesture/lib/python3.10/site-packages:${PYTHONPATH} /usr/bin/python3 -W ignore:setup.py install is deprecated -W ignore:easy_install command is deprecated setup.py egg_info --egg-base ../../build/hand_gesture build --build-base /home/omar/Desktop/coe510/build/hand_gesture/build install --record /home/omar/Desktop/coe510/build/hand_gesture/install.log --single-version-externally-managed install_data
[3.475s] running egg_info
[3.511s] writing ../../build/hand_gesture/hand_gesture.egg-info/PKG-INFO
[3.518s] writing dependency_links to ../../build/hand_gesture/hand_gesture.egg-info/dependency_links.txt
[3.518s] writing entry points to ../../build/hand_gesture/hand_gesture.egg-info/entry_points.txt
[3.518s] writing requirements to ../../build/hand_gesture/hand_gesture.egg-info/requires.txt
[3.518s] writing top-level names to ../../build/hand_gesture/hand_gesture.egg-info/top_level.txt
[3.593s] reading manifest file '../../build/hand_gesture/hand_gesture.egg-info/SOURCES.txt'
[3.594s] adding license file 'LICENSE'
[3.596s] writing manifest file '../../build/hand_gesture/hand_gesture.egg-info/SOURCES.txt'
[3.596s] running build
[3.597s] running build_py
[3.597s] copying hand_gesture/__init__.py -> /home/omar/Desktop/coe510/build/hand_gesture/build/lib/hand_gesture
[3.598s] copying hand_gesture/robot_cmd_vel_controller.py -> /home/omar/Desktop/coe510/build/hand_gesture/build/lib/hand_gesture
[3.598s] copying hand_gesture/gesture_node.py -> /home/omar/Desktop/coe510/build/hand_gesture/build/lib/hand_gesture
[3.599s] running install
[3.607s] running install_lib
[3.642s] copying /home/omar/Desktop/coe510/build/hand_gesture/build/lib/hand_gesture/robot_cmd_vel_controller.py -> /home/omar/Desktop/coe510/install/hand_gesture/lib/python3.10/site-packages/hand_gesture
[3.642s] byte-compiling /home/omar/Desktop/coe510/install/hand_gesture/lib/python3.10/site-packages/hand_gesture/robot_cmd_vel_controller.py to robot_cmd_vel_controller.cpython-310.pyc
[3.645s] running install_data
[3.645s] copying resource/hand_gesture -> /home/omar/Desktop/coe510/install/hand_gesture/share/ament_index/resource_index/packages
[3.646s] copying package.xml -> /home/omar/Desktop/coe510/install/hand_gesture/share/hand_gesture
[3.647s] running install_egg_info
[3.685s] removing '/home/omar/Desktop/coe510/install/hand_gesture/lib/python3.10/site-packages/hand_gesture-0.0.0-py3.10.egg-info' (and everything under it)
[3.686s] Copying ../../build/hand_gesture/hand_gesture.egg-info to /home/omar/Desktop/coe510/install/hand_gesture/lib/python3.10/site-packages/hand_gesture-0.0.0-py3.10.egg-info
[3.689s] running install_scripts
[3.780s] Installing gesture_node script to /home/omar/Desktop/coe510/install/hand_gesture/lib/hand_gesture
[3.781s] Installing robot_node script to /home/omar/Desktop/coe510/install/hand_gesture/lib/hand_gesture
[3.783s] writing list of installed files to '/home/omar/Desktop/coe510/build/hand_gesture/install.log'
[3.827s] Invoked command in '/home/omar/Desktop/coe510/src/hand_gesture' returned '0': PYTHONPATH=/home/omar/Desktop/coe510/build/hand_gesture/prefix_override:/usr/lib/python3/dist-packages/colcon_core/task/python/colcon_distutils_commands:/home/omar/Desktop/coe510/install/hand_gesture/lib/python3.10/site-packages:${PYTHONPATH} /usr/bin/python3 -W ignore:setup.py install is deprecated -W ignore:easy_install command is deprecated setup.py egg_info --egg-base ../../build/hand_gesture build --build-base /home/omar/Desktop/coe510/build/hand_gesture/build install --record /home/omar/Desktop/coe510/build/hand_gesture/install.log --single-version-externally-managed install_data
