[2.856s] Invoking command in '/home/omar/Desktop/coe510/src/hand_gesture': PYTHONPATH=/home/omar/Desktop/coe510/build/hand_gesture/prefix_override:/usr/lib/python3/dist-packages/colcon_core/task/python/colcon_distutils_commands:/home/omar/Desktop/coe510/install/hand_gesture/lib/python3.10/site-packages:${PYTHONPATH} /usr/bin/python3 -W ignore:setup.py install is deprecated -W ignore:easy_install command is deprecated setup.py egg_info --egg-base ../../build/hand_gesture build --build-base /home/omar/Desktop/coe510/build/hand_gesture/build install --record /home/omar/Desktop/coe510/build/hand_gesture/install.log --single-version-externally-managed install_data
[3.519s] running egg_info
[3.545s] writing ../../build/hand_gesture/hand_gesture.egg-info/PKG-INFO
[3.547s] writing dependency_links to ../../build/hand_gesture/hand_gesture.egg-info/dependency_links.txt
[3.548s] writing entry points to ../../build/hand_gesture/hand_gesture.egg-info/entry_points.txt
[3.550s] writing requirements to ../../build/hand_gesture/hand_gesture.egg-info/requires.txt
[3.551s] writing top-level names to ../../build/hand_gesture/hand_gesture.egg-info/top_level.txt
[3.607s] reading manifest file '../../build/hand_gesture/hand_gesture.egg-info/SOURCES.txt'
[3.608s] adding license file 'LICENSE'
[3.610s] writing manifest file '../../build/hand_gesture/hand_gesture.egg-info/SOURCES.txt'
[3.613s] running build
[3.613s] running build_py
[3.614s] copying hand_gesture/__init__.py -> /home/omar/Desktop/coe510/build/hand_gesture/build/lib/hand_gesture
[3.615s] copying hand_gesture/robot_cmd_vel_controller.py -> /home/omar/Desktop/coe510/build/hand_gesture/build/lib/hand_gesture
[3.616s] copying hand_gesture/gesture_node.py -> /home/omar/Desktop/coe510/build/hand_gesture/build/lib/hand_gesture
[3.617s] running install
[3.625s] running install_lib
[3.662s] running install_data
[3.663s] copying resource/hand_gesture -> /home/omar/Desktop/coe510/install/hand_gesture/share/ament_index/resource_index/packages
[3.664s] copying package.xml -> /home/omar/Desktop/coe510/install/hand_gesture/share/hand_gesture
[3.665s] running install_egg_info
[3.713s] removing '/home/omar/Desktop/coe510/install/hand_gesture/lib/python3.10/site-packages/hand_gesture-0.0.0-py3.10.egg-info' (and everything under it)
[3.714s] Copying ../../build/hand_gesture/hand_gesture.egg-info to /home/omar/Desktop/coe510/install/hand_gesture/lib/python3.10/site-packages/hand_gesture-0.0.0-py3.10.egg-info
[3.718s] running install_scripts
[3.775s] Installing gesture_node script to /home/omar/Desktop/coe510/install/hand_gesture/lib/hand_gesture
[3.776s] Installing robot_node script to /home/omar/Desktop/coe510/install/hand_gesture/lib/hand_gesture
[3.778s] writing list of installed files to '/home/omar/Desktop/coe510/build/hand_gesture/install.log'
[3.852s] Invoked command in '/home/omar/Desktop/coe510/src/hand_gesture' returned '0': PYTHONPATH=/home/omar/Desktop/coe510/build/hand_gesture/prefix_override:/usr/lib/python3/dist-packages/colcon_core/task/python/colcon_distutils_commands:/home/omar/Desktop/coe510/install/hand_gesture/lib/python3.10/site-packages:${PYTHONPATH} /usr/bin/python3 -W ignore:setup.py install is deprecated -W ignore:easy_install command is deprecated setup.py egg_info --egg-base ../../build/hand_gesture build --build-base /home/omar/Desktop/coe510/build/hand_gesture/build install --record /home/omar/Desktop/coe510/build/hand_gesture/install.log --single-version-externally-managed install_data
