[0.438s] [34mcolcon[0m [1;30mDEBUG[0m [32mCommand line arguments: ['/usr/bin/colcon', 'build'][0m
[0.438s] [34mcolcon[0m [1;30mDEBUG[0m [32mParsed command line arguments: Namespace(log_base=None, log_level=None, verb_name='build', build_base='build', install_base='install', merge_install=False, symlink_install=False, test_result_base=None, continue_on_error=False, executor='parallel', parallel_workers=4, event_handlers=None, ignore_user_meta=False, metas=['./colcon.meta'], base_paths=['.'], packages_ignore=None, packages_ignore_regex=None, paths=None, packages_up_to=None, packages_up_to_regex=None, packages_above=None, packages_above_and_dependencies=None, packages_above_depth=None, packages_select_by_dep=None, packages_skip_by_dep=None, packages_skip_up_to=None, packages_select_build_failed=False, packages_skip_build_finished=False, packages_select_test_failures=False, packages_skip_test_passed=False, packages_select=None, packages_skip=None, packages_select_regex=None, packages_skip_regex=None, packages_start=None, packages_end=None, allow_overriding=[], cmake_args=None, cmake_target=None, cmake_target_skip_unavailable=False, cmake_clean_cache=False, cmake_clean_first=False, cmake_force_configure=False, ament_cmake_args=None, catkin_cmake_args=None, catkin_skip_building_tests=False, mixin_files=None, mixin=None, verb_parser=<colcon_mixin.mixin.mixin_argument.MixinArgumentDecorator object at 0xffffb22718d0>, verb_extension=<colcon_core.verb.build.BuildVerb object at 0xffffb2270c70>, main=<bound method BuildVerb.main of <colcon_core.verb.build.BuildVerb object at 0xffffb2270c70>>, mixin_verb=('build',))[0m
[0.598s] [34mcolcon.colcon_core.package_discovery[0m [1;30mLevel 1[0m discover_packages(colcon_meta) check parameters
[0.599s] [34mcolcon.colcon_core.package_discovery[0m [1;30mLevel 1[0m discover_packages(recursive) check parameters
[0.599s] [34mcolcon.colcon_core.package_discovery[0m [1;30mLevel 1[0m discover_packages(ignore) check parameters
[0.600s] [34mcolcon.colcon_core.package_discovery[0m [1;30mLevel 1[0m discover_packages(path) check parameters
[0.600s] [34mcolcon.colcon_core.package_discovery[0m [1;30mLevel 1[0m discover_packages(colcon_meta) discover
[0.600s] [34mcolcon.colcon_core.package_discovery[0m [1;30mLevel 1[0m discover_packages(recursive) discover
[0.601s] [34mcolcon.colcon_core.package_discovery[0m [1;30mINFO[0m Crawling recursively for packages in '/home/omar/Desktop/coe510'
[0.602s] [34mcolcon.colcon_core.package_identification[0m [1;30mLevel 1[0m _identify(.) by extensions ['ignore', 'ignore_ament_install']
[0.602s] [34mcolcon.colcon_core.package_identification[0m [1;30mLevel 1[0m _identify(.) by extension 'ignore'
[0.602s] [34mcolcon.colcon_core.package_identification[0m [1;30mLevel 1[0m _identify(.) by extension 'ignore_ament_install'
[0.602s] [34mcolcon.colcon_core.package_identification[0m [1;30mLevel 1[0m _identify(.) by extensions ['colcon_pkg']
[0.602s] [34mcolcon.colcon_core.package_identification[0m [1;30mLevel 1[0m _identify(.) by extension 'colcon_pkg'
[0.602s] [34mcolcon.colcon_core.package_identification[0m [1;30mLevel 1[0m _identify(.) by extensions ['colcon_meta']
[0.603s] [34mcolcon.colcon_core.package_identification[0m [1;30mLevel 1[0m _identify(.) by extension 'colcon_meta'
[0.603s] [34mcolcon.colcon_core.package_identification[0m [1;30mLevel 1[0m _identify(.) by extensions ['ros']
[0.603s] [34mcolcon.colcon_core.package_identification[0m [1;30mLevel 1[0m _identify(.) by extension 'ros'
[0.738s] [34mcolcon.colcon_core.package_identification[0m [1;30mLevel 1[0m _identify(.) by extensions ['cmake', 'python']
[0.739s] [34mcolcon.colcon_core.package_identification[0m [1;30mLevel 1[0m _identify(.) by extension 'cmake'
[0.740s] [34mcolcon.colcon_core.package_identification[0m [1;30mLevel 1[0m _identify(.) by extension 'python'
[0.740s] [34mcolcon.colcon_core.package_identification[0m [1;30mLevel 1[0m _identify(.) by extensions ['python_setup_py']
[0.742s] [34mcolcon.colcon_core.package_identification[0m [1;30mLevel 1[0m _identify(.) by extension 'python_setup_py'
[0.743s] [34mcolcon.colcon_core.package_identification[0m [1;30mLevel 1[0m _identify(build) by extensions ['ignore', 'ignore_ament_install']
[0.743s] [34mcolcon.colcon_core.package_identification[0m [1;30mLevel 1[0m _identify(build) by extension 'ignore'
[0.744s] [34mcolcon.colcon_core.package_identification[0m [1;30mLevel 1[0m _identify(build) ignored
[0.746s] [34mcolcon.colcon_core.package_identification[0m [1;30mLevel 1[0m _identify(install) by extensions ['ignore', 'ignore_ament_install']
[0.746s] [34mcolcon.colcon_core.package_identification[0m [1;30mLevel 1[0m _identify(install) by extension 'ignore'
[0.746s] [34mcolcon.colcon_core.package_identification[0m [1;30mLevel 1[0m _identify(install) ignored
[0.746s] [34mcolcon.colcon_core.package_identification[0m [1;30mLevel 1[0m _identify(log) by extensions ['ignore', 'ignore_ament_install']
[0.746s] [34mcolcon.colcon_core.package_identification[0m [1;30mLevel 1[0m _identify(log) by extension 'ignore'
[0.746s] [34mcolcon.colcon_core.package_identification[0m [1;30mLevel 1[0m _identify(log) ignored
[0.746s] [34mcolcon.colcon_core.package_identification[0m [1;30mLevel 1[0m _identify(src) by extensions ['ignore', 'ignore_ament_install']
[0.747s] [34mcolcon.colcon_core.package_identification[0m [1;30mLevel 1[0m _identify(src) by extension 'ignore'
[0.747s] [34mcolcon.colcon_core.package_identification[0m [1;30mLevel 1[0m _identify(src) by extension 'ignore_ament_install'
[0.747s] [34mcolcon.colcon_core.package_identification[0m [1;30mLevel 1[0m _identify(src) by extensions ['colcon_pkg']
[0.747s] [34mcolcon.colcon_core.package_identification[0m [1;30mLevel 1[0m _identify(src) by extension 'colcon_pkg'
[0.747s] [34mcolcon.colcon_core.package_identification[0m [1;30mLevel 1[0m _identify(src) by extensions ['colcon_meta']
[0.747s] [34mcolcon.colcon_core.package_identification[0m [1;30mLevel 1[0m _identify(src) by extension 'colcon_meta'
[0.747s] [34mcolcon.colcon_core.package_identification[0m [1;30mLevel 1[0m _identify(src) by extensions ['ros']
[0.747s] [34mcolcon.colcon_core.package_identification[0m [1;30mLevel 1[0m _identify(src) by extension 'ros'
[0.747s] [34mcolcon.colcon_core.package_identification[0m [1;30mLevel 1[0m _identify(src) by extensions ['cmake', 'python']
[0.748s] [34mcolcon.colcon_core.package_identification[0m [1;30mLevel 1[0m _identify(src) by extension 'cmake'
[0.748s] [34mcolcon.colcon_core.package_identification[0m [1;30mLevel 1[0m _identify(src) by extension 'python'
[0.748s] [34mcolcon.colcon_core.package_identification[0m [1;30mLevel 1[0m _identify(src) by extensions ['python_setup_py']
[0.748s] [34mcolcon.colcon_core.package_identification[0m [1;30mLevel 1[0m _identify(src) by extension 'python_setup_py'
[0.748s] [34mcolcon.colcon_core.package_identification[0m [1;30mLevel 1[0m _identify(src/hand_gesture) by extensions ['ignore', 'ignore_ament_install']
[0.748s] [34mcolcon.colcon_core.package_identification[0m [1;30mLevel 1[0m _identify(src/hand_gesture) by extension 'ignore'
[0.748s] [34mcolcon.colcon_core.package_identification[0m [1;30mLevel 1[0m _identify(src/hand_gesture) by extension 'ignore_ament_install'
[0.748s] [34mcolcon.colcon_core.package_identification[0m [1;30mLevel 1[0m _identify(src/hand_gesture) by extensions ['colcon_pkg']
[0.748s] [34mcolcon.colcon_core.package_identification[0m [1;30mLevel 1[0m _identify(src/hand_gesture) by extension 'colcon_pkg'
[0.748s] [34mcolcon.colcon_core.package_identification[0m [1;30mLevel 1[0m _identify(src/hand_gesture) by extensions ['colcon_meta']
[0.748s] [34mcolcon.colcon_core.package_identification[0m [1;30mLevel 1[0m _identify(src/hand_gesture) by extension 'colcon_meta'
[0.748s] [34mcolcon.colcon_core.package_identification[0m [1;30mLevel 1[0m _identify(src/hand_gesture) by extensions ['ros']
[0.748s] [34mcolcon.colcon_core.package_identification[0m [1;30mLevel 1[0m _identify(src/hand_gesture) by extension 'ros'
[0.763s] [34mcolcon.colcon_core.package_identification[0m [1;30mDEBUG[0m [32mPackage 'src/hand_gesture' with type 'ros.ament_python' and name 'hand_gesture'[0m
[0.763s] [34mcolcon.colcon_core.package_discovery[0m [1;30mLevel 1[0m discover_packages(recursive) using defaults
[0.764s] [34mcolcon.colcon_core.package_discovery[0m [1;30mLevel 1[0m discover_packages(ignore) discover
[0.764s] [34mcolcon.colcon_core.package_discovery[0m [1;30mLevel 1[0m discover_packages(ignore) using defaults
[0.765s] [34mcolcon.colcon_core.package_discovery[0m [1;30mLevel 1[0m discover_packages(path) discover
[0.766s] [34mcolcon.colcon_core.package_discovery[0m [1;30mLevel 1[0m discover_packages(path) using defaults
[0.816s] [34mcolcon.colcon_core.package_discovery[0m [1;30mLevel 1[0m discover_packages(prefix_path) check parameters
[0.816s] [34mcolcon.colcon_core.package_discovery[0m [1;30mLevel 1[0m discover_packages(prefix_path) discover
[0.819s] [34mcolcon.colcon_installed_package_information.package_discovery[0m [1;30mDEBUG[0m [32mFound 1 installed packages in /home/omar/Desktop/coe510/install[0m
[0.821s] [34mcolcon.colcon_installed_package_information.package_discovery[0m [1;30mDEBUG[0m [32mFound 199 installed packages in /opt/ros/humble[0m
[0.824s] [34mcolcon.colcon_core.package_discovery[0m [1;30mLevel 1[0m discover_packages(prefix_path) using defaults
[0.886s] [34mcolcon.colcon_core.verb[0m [1;30mLevel 5[0m set package 'hand_gesture' build argument 'cmake_args' from command line to 'None'
[0.887s] [34mcolcon.colcon_core.verb[0m [1;30mLevel 5[0m set package 'hand_gesture' build argument 'cmake_target' from command line to 'None'
[0.887s] [34mcolcon.colcon_core.verb[0m [1;30mLevel 5[0m set package 'hand_gesture' build argument 'cmake_target_skip_unavailable' from command line to 'False'
[0.887s] [34mcolcon.colcon_core.verb[0m [1;30mLevel 5[0m set package 'hand_gesture' build argument 'cmake_clean_cache' from command line to 'False'
[0.887s] [34mcolcon.colcon_core.verb[0m [1;30mLevel 5[0m set package 'hand_gesture' build argument 'cmake_clean_first' from command line to 'False'
[0.887s] [34mcolcon.colcon_core.verb[0m [1;30mLevel 5[0m set package 'hand_gesture' build argument 'cmake_force_configure' from command line to 'False'
[0.887s] [34mcolcon.colcon_core.verb[0m [1;30mLevel 5[0m set package 'hand_gesture' build argument 'ament_cmake_args' from command line to 'None'
[0.887s] [34mcolcon.colcon_core.verb[0m [1;30mLevel 5[0m set package 'hand_gesture' build argument 'catkin_cmake_args' from command line to 'None'
[0.887s] [34mcolcon.colcon_core.verb[0m [1;30mLevel 5[0m set package 'hand_gesture' build argument 'catkin_skip_building_tests' from command line to 'False'
[0.887s] [34mcolcon.colcon_core.verb[0m [1;30mDEBUG[0m [32mBuilding package 'hand_gesture' with the following arguments: {'ament_cmake_args': None, 'build_base': '/home/omar/Desktop/coe510/build/hand_gesture', 'catkin_cmake_args': None, 'catkin_skip_building_tests': False, 'cmake_args': None, 'cmake_clean_cache': False, 'cmake_clean_first': False, 'cmake_force_configure': False, 'cmake_target': None, 'cmake_target_skip_unavailable': False, 'install_base': '/home/omar/Desktop/coe510/install/hand_gesture', 'merge_install': False, 'path': '/home/omar/Desktop/coe510/src/hand_gesture', 'symlink_install': False, 'test_result_base': None}[0m
[0.887s] [34mcolcon.colcon_core.executor[0m [1;30mINFO[0m Executing jobs using 'parallel' executor
[0.890s] [34mcolcon.colcon_parallel_executor.executor.parallel[0m [1;30mDEBUG[0m [32mrun_until_complete[0m
[0.891s] [34mcolcon.colcon_ros.task.ament_python.build[0m [1;30mINFO[0m Building ROS package in '/home/omar/Desktop/coe510/src/hand_gesture' with build type 'ament_python'
[0.891s] [34mcolcon.colcon_core.shell[0m [1;30mLevel 1[0m create_environment_hook('hand_gesture', 'ament_prefix_path')
[0.894s] [34mcolcon.colcon_core.plugin_system[0m [1;30mINFO[0m Skipping extension 'colcon_core.shell.bat': Not used on non-Windows systems
[0.895s] [34mcolcon.colcon_core.shell[0m [1;30mINFO[0m Creating environment hook '/home/omar/Desktop/coe510/install/hand_gesture/share/hand_gesture/hook/ament_prefix_path.ps1'
[0.896s] [34mcolcon.colcon_core.shell[0m [1;30mINFO[0m Creating environment descriptor '/home/omar/Desktop/coe510/install/hand_gesture/share/hand_gesture/hook/ament_prefix_path.dsv'
[0.900s] [34mcolcon.colcon_core.shell[0m [1;30mINFO[0m Creating environment hook '/home/omar/Desktop/coe510/install/hand_gesture/share/hand_gesture/hook/ament_prefix_path.sh'
[0.903s] [34mcolcon.colcon_core.shell[0m [1;30mINFO[0m Skip shell extension 'powershell' for command environment: Not usable outside of PowerShell
[0.903s] [34mcolcon.colcon_core.shell[0m [1;30mDEBUG[0m [32mSkip shell extension 'dsv' for command environment[0m
[1.752s] [34mcolcon.colcon_core.task.python.build[0m [1;30mINFO[0m Building Python package in '/home/omar/Desktop/coe510/src/hand_gesture'
[1.753s] [34mcolcon.colcon_core.shell[0m [1;30mINFO[0m Skip shell extension 'powershell' for command environment: Not usable outside of PowerShell
[1.753s] [34mcolcon.colcon_core.shell[0m [1;30mDEBUG[0m [32mSkip shell extension 'dsv' for command environment[0m
[3.234s] [34mcolcon.colcon_core.event_handler.log_command[0m [1;30mDEBUG[0m [32mInvoking command in '/home/omar/Desktop/coe510/src/hand_gesture': PYTHONPATH=/home/omar/Desktop/coe510/build/hand_gesture/prefix_override:/usr/lib/python3/dist-packages/colcon_core/task/python/colcon_distutils_commands:/home/omar/Desktop/coe510/install/hand_gesture/lib/python3.10/site-packages:${PYTHONPATH} /usr/bin/python3 -W ignore:setup.py install is deprecated -W ignore:easy_install command is deprecated setup.py egg_info --egg-base ../../build/hand_gesture build --build-base /home/omar/Desktop/coe510/build/hand_gesture/build install --record /home/omar/Desktop/coe510/build/hand_gesture/install.log --single-version-externally-managed install_data[0m
[3.939s] [34mcolcon.colcon_core.event_handler.log_command[0m [1;30mDEBUG[0m [32mInvoked command in '/home/omar/Desktop/coe510/src/hand_gesture' returned '0': PYTHONPATH=/home/omar/Desktop/coe510/build/hand_gesture/prefix_override:/usr/lib/python3/dist-packages/colcon_core/task/python/colcon_distutils_commands:/home/omar/Desktop/coe510/install/hand_gesture/lib/python3.10/site-packages:${PYTHONPATH} /usr/bin/python3 -W ignore:setup.py install is deprecated -W ignore:easy_install command is deprecated setup.py egg_info --egg-base ../../build/hand_gesture build --build-base /home/omar/Desktop/coe510/build/hand_gesture/build install --record /home/omar/Desktop/coe510/build/hand_gesture/install.log --single-version-externally-managed install_data[0m
[3.943s] [34mcolcon.colcon_core.environment[0m [1;30mLevel 1[0m checking '/home/omar/Desktop/coe510/install/hand_gesture' for CMake module files
[3.943s] [34mcolcon.colcon_core.environment[0m [1;30mLevel 1[0m checking '/home/omar/Desktop/coe510/install/hand_gesture' for CMake config files
[3.946s] [34mcolcon.colcon_core.environment[0m [1;30mLevel 1[0m checking '/home/omar/Desktop/coe510/install/hand_gesture/lib'
[3.946s] [34mcolcon.colcon_core.environment[0m [1;30mLevel 1[0m checking '/home/omar/Desktop/coe510/install/hand_gesture/bin'
[3.946s] [34mcolcon.colcon_core.environment[0m [1;30mLevel 1[0m checking '/home/omar/Desktop/coe510/install/hand_gesture/lib/pkgconfig/hand_gesture.pc'
[3.947s] [34mcolcon.colcon_core.environment[0m [1;30mLevel 1[0m checking '/home/omar/Desktop/coe510/install/hand_gesture/lib/python3.10/site-packages'
[3.947s] [34mcolcon.colcon_core.shell[0m [1;30mLevel 1[0m create_environment_hook('hand_gesture', 'pythonpath')
[3.947s] [34mcolcon.colcon_core.shell[0m [1;30mINFO[0m Creating environment hook '/home/omar/Desktop/coe510/install/hand_gesture/share/hand_gesture/hook/pythonpath.ps1'
[3.948s] [34mcolcon.colcon_core.shell[0m [1;30mINFO[0m Creating environment descriptor '/home/omar/Desktop/coe510/install/hand_gesture/share/hand_gesture/hook/pythonpath.dsv'
[3.948s] [34mcolcon.colcon_core.shell[0m [1;30mINFO[0m Creating environment hook '/home/omar/Desktop/coe510/install/hand_gesture/share/hand_gesture/hook/pythonpath.sh'
[3.950s] [34mcolcon.colcon_core.environment[0m [1;30mLevel 1[0m checking '/home/omar/Desktop/coe510/install/hand_gesture/bin'
[3.950s] [34mcolcon.colcon_core.environment[0m [1;30mLevel 1[0m create_environment_scripts_only(hand_gesture)
[3.951s] [34mcolcon.colcon_core.shell[0m [1;30mINFO[0m Creating package script '/home/omar/Desktop/coe510/install/hand_gesture/share/hand_gesture/package.ps1'
[3.952s] [34mcolcon.colcon_core.shell[0m [1;30mINFO[0m Creating package descriptor '/home/omar/Desktop/coe510/install/hand_gesture/share/hand_gesture/package.dsv'
[3.952s] [34mcolcon.colcon_core.shell[0m [1;30mINFO[0m Creating package script '/home/omar/Desktop/coe510/install/hand_gesture/share/hand_gesture/package.sh'
[3.956s] [34mcolcon.colcon_core.shell[0m [1;30mINFO[0m Creating package script '/home/omar/Desktop/coe510/install/hand_gesture/share/hand_gesture/package.bash'
[3.959s] [34mcolcon.colcon_core.shell[0m [1;30mINFO[0m Creating package script '/home/omar/Desktop/coe510/install/hand_gesture/share/hand_gesture/package.zsh'
[3.960s] [34mcolcon.colcon_core.environment[0m [1;30mLevel 1[0m create_file_with_runtime_dependencies(/home/omar/Desktop/coe510/install/hand_gesture/share/colcon-core/packages/hand_gesture)
[3.960s] [34mcolcon.colcon_parallel_executor.executor.parallel[0m [1;30mDEBUG[0m [32mclosing loop[0m
[3.962s] [34mcolcon.colcon_parallel_executor.executor.parallel[0m [1;30mDEBUG[0m [32mloop closed[0m
[3.962s] [34mcolcon.colcon_parallel_executor.executor.parallel[0m [1;30mDEBUG[0m [32mrun_until_complete finished with '0'[0m
[3.962s] [34mcolcon.colcon_core.event_reactor[0m [1;30mDEBUG[0m [32mjoining thread[0m
[4.007s] [34mcolcon.colcon_core.plugin_system[0m [1;30mINFO[0m Skipping extension 'colcon_notification.desktop_notification.terminal_notifier': Not used on non-Darwin systems
[4.007s] [34mcolcon.colcon_core.plugin_system[0m [1;30mINFO[0m Skipping extension 'colcon_notification.desktop_notification.win32': Not used on non-Windows systems
[4.007s] [34mcolcon.colcon_notification.desktop_notification[0m [1;30mINFO[0m Sending desktop notification using 'notify2'
[4.090s] [34mcolcon.colcon_core.event_reactor[0m [1;30mDEBUG[0m [32mjoined thread[0m
[4.091s] [34mcolcon.colcon_core.shell[0m [1;30mINFO[0m Creating prefix script '/home/omar/Desktop/coe510/install/local_setup.ps1'
[4.093s] [34mcolcon.colcon_core.shell[0m [1;30mINFO[0m Creating prefix util module '/home/omar/Desktop/coe510/install/_local_setup_util_ps1.py'
[4.095s] [34mcolcon.colcon_core.shell[0m [1;30mINFO[0m Creating prefix chain script '/home/omar/Desktop/coe510/install/setup.ps1'
[4.099s] [34mcolcon.colcon_core.shell[0m [1;30mINFO[0m Creating prefix script '/home/omar/Desktop/coe510/install/local_setup.sh'
[4.100s] [34mcolcon.colcon_core.shell[0m [1;30mINFO[0m Creating prefix util module '/home/omar/Desktop/coe510/install/_local_setup_util_sh.py'
[4.102s] [34mcolcon.colcon_core.shell[0m [1;30mINFO[0m Creating prefix chain script '/home/omar/Desktop/coe510/install/setup.sh'
[4.103s] [34mcolcon.colcon_core.shell[0m [1;30mINFO[0m Creating prefix script '/home/omar/Desktop/coe510/install/local_setup.bash'
[4.104s] [34mcolcon.colcon_core.shell[0m [1;30mINFO[0m Creating prefix chain script '/home/omar/Desktop/coe510/install/setup.bash'
[4.106s] [34mcolcon.colcon_core.shell[0m [1;30mINFO[0m Creating prefix script '/home/omar/Desktop/coe510/install/local_setup.zsh'
[4.106s] [34mcolcon.colcon_core.shell[0m [1;30mINFO[0m Creating prefix chain script '/home/omar/Desktop/coe510/install/setup.zsh'
