[1.723s] Invoking command in '/home/omar/Desktop/coe510/src/hand_gesture': PYTHONPATH=/home/omar/Desktop/coe510/build/hand_gesture/prefix_override:/usr/lib/python3/dist-packages/colcon_core/task/python/colcon_distutils_commands:/home/omar/Desktop/coe510/install/hand_gesture/lib/python3.10/site-packages:${PYTHONPATH} /usr/bin/python3 -W ignore:setup.py install is deprecated -W ignore:easy_install command is deprecated setup.py egg_info --egg-base ../../build/hand_gesture build --build-base /home/omar/Desktop/coe510/build/hand_gesture/build install --record /home/omar/Desktop/coe510/build/hand_gesture/install.log --single-version-externally-managed install_data
[2.036s] running egg_info
[2.052s] writing ../../build/hand_gesture/hand_gesture.egg-info/PKG-INFO
[2.053s] writing dependency_links to ../../build/hand_gesture/hand_gesture.egg-info/dependency_links.txt
[2.054s] writing entry points to ../../build/hand_gesture/hand_gesture.egg-info/entry_points.txt
[2.054s] writing requirements to ../../build/hand_gesture/hand_gesture.egg-info/requires.txt
[2.054s] writing top-level names to ../../build/hand_gesture/hand_gesture.egg-info/top_level.txt
[2.092s] reading manifest file '../../build/hand_gesture/hand_gesture.egg-info/SOURCES.txt'
[2.093s] adding license file 'LICENSE'
[2.094s] writing manifest file '../../build/hand_gesture/hand_gesture.egg-info/SOURCES.txt'
[2.095s] running build
[2.095s] running build_py
[2.095s] copying hand_gesture/__init__.py -> /home/omar/Desktop/coe510/build/hand_gesture/build/lib/hand_gesture
[2.096s] copying hand_gesture/robot_cmd_vel_controller.py -> /home/omar/Desktop/coe510/build/hand_gesture/build/lib/hand_gesture
[2.096s] copying hand_gesture/gesture_node.py -> /home/omar/Desktop/coe510/build/hand_gesture/build/lib/hand_gesture
[2.096s] running install
[2.101s] running install_lib
[2.119s] running install_data
[2.119s] copying resource/hand_gesture -> /home/omar/Desktop/coe510/install/hand_gesture/share/ament_index/resource_index/packages
[2.119s] copying package.xml -> /home/omar/Desktop/coe510/install/hand_gesture/share/hand_gesture
[2.120s] running install_egg_info
[2.137s] removing '/home/omar/Desktop/coe510/install/hand_gesture/lib/python3.10/site-packages/hand_gesture-0.0.0-py3.10.egg-info' (and everything under it)
[2.137s] Copying ../../build/hand_gesture/hand_gesture.egg-info to /home/omar/Desktop/coe510/install/hand_gesture/lib/python3.10/site-packages/hand_gesture-0.0.0-py3.10.egg-info
[2.138s] running install_scripts
[2.178s] Installing gesture_node script to /home/omar/Desktop/coe510/install/hand_gesture/lib/hand_gesture
[2.179s] Installing robot_node script to /home/omar/Desktop/coe510/install/hand_gesture/lib/hand_gesture
[2.180s] writing list of installed files to '/home/omar/Desktop/coe510/build/hand_gesture/install.log'
[2.215s] Invoked command in '/home/omar/Desktop/coe510/src/hand_gesture' returned '0': PYTHONPATH=/home/omar/Desktop/coe510/build/hand_gesture/prefix_override:/usr/lib/python3/dist-packages/colcon_core/task/python/colcon_distutils_commands:/home/omar/Desktop/coe510/install/hand_gesture/lib/python3.10/site-packages:${PYTHONPATH} /usr/bin/python3 -W ignore:setup.py install is deprecated -W ignore:easy_install command is deprecated setup.py egg_info --egg-base ../../build/hand_gesture build --build-base /home/omar/Desktop/coe510/build/hand_gesture/build install --record /home/omar/Desktop/coe510/build/hand_gesture/install.log --single-version-externally-managed install_data
