running egg_info
writing ../../build/hand_gesture/hand_gesture.egg-info/PKG-INFO
writing dependency_links to ../../build/hand_gesture/hand_gesture.egg-info/dependency_links.txt
writing entry points to ../../build/hand_gesture/hand_gesture.egg-info/entry_points.txt
writing requirements to ../../build/hand_gesture/hand_gesture.egg-info/requires.txt
writing top-level names to ../../build/hand_gesture/hand_gesture.egg-info/top_level.txt
reading manifest file '../../build/hand_gesture/hand_gesture.egg-info/SOURCES.txt'
adding license file 'LICENSE'
writing manifest file '../../build/hand_gesture/hand_gesture.egg-info/SOURCES.txt'
running build
running build_py
copying hand_gesture/__init__.py -> /home/omar/Desktop/coe510/build/hand_gesture/build/lib/hand_gesture
copying hand_gesture/robot_cmd_vel_controller.py -> /home/omar/Desktop/coe510/build/hand_gesture/build/lib/hand_gesture
copying hand_gesture/gesture_node.py -> /home/omar/Desktop/coe510/build/hand_gesture/build/lib/hand_gesture
running install
running install_lib
running install_data
copying resource/hand_gesture -> /home/omar/Desktop/coe510/install/hand_gesture/share/ament_index/resource_index/packages
copying package.xml -> /home/omar/Desktop/coe510/install/hand_gesture/share/hand_gesture
running install_egg_info
removing '/home/omar/Desktop/coe510/install/hand_gesture/lib/python3.10/site-packages/hand_gesture-0.0.0-py3.10.egg-info' (and everything under it)
Copying ../../build/hand_gesture/hand_gesture.egg-info to /home/omar/Desktop/coe510/install/hand_gesture/lib/python3.10/site-packages/hand_gesture-0.0.0-py3.10.egg-info
running install_scripts
Installing gesture_node script to /home/omar/Desktop/coe510/install/hand_gesture/lib/hand_gesture
Installing robot_node script to /home/omar/Desktop/coe510/install/hand_gesture/lib/hand_gesture
writing list of installed files to '/home/omar/Desktop/coe510/build/hand_gesture/install.log'
