[0.675s] Invoking command in '/home/omar/Desktop/coe510/src/hand_gesture': PYTHONPATH=/home/omar/Desktop/coe510/build/hand_gesture/prefix_override:/usr/lib/python3/dist-packages/colcon_core/task/python/colcon_distutils_commands:/home/omar/Desktop/coe510/install/hand_gesture/lib/python3.10/site-packages:${PYTHONPATH} /usr/bin/python3 -W ignore:setup.py install is deprecated -W ignore:easy_install command is deprecated setup.py egg_info --egg-base ../../build/hand_gesture build --build-base /home/omar/Desktop/coe510/build/hand_gesture/build install --record /home/omar/Desktop/coe510/build/hand_gesture/install.log --single-version-externally-managed install_data
[0.912s] running egg_info
[0.926s] writing ../../build/hand_gesture/hand_gesture.egg-info/PKG-INFO
[0.928s] writing dependency_links to ../../build/hand_gesture/hand_gesture.egg-info/dependency_links.txt
[0.928s] writing entry points to ../../build/hand_gesture/hand_gesture.egg-info/entry_points.txt
[0.928s] writing requirements to ../../build/hand_gesture/hand_gesture.egg-info/requires.txt
[0.928s] writing top-level names to ../../build/hand_gesture/hand_gesture.egg-info/top_level.txt
[0.958s] reading manifest file '../../build/hand_gesture/hand_gesture.egg-info/SOURCES.txt'
[0.959s] adding license file 'LICENSE'
[0.959s] writing manifest file '../../build/hand_gesture/hand_gesture.egg-info/SOURCES.txt'
[0.959s] running build
[0.959s] running build_py
[0.960s] copying hand_gesture/__init__.py -> /home/omar/Desktop/coe510/build/hand_gesture/build/lib/hand_gesture
[0.960s] copying hand_gesture/robot_cmd_vel_controller.py -> /home/omar/Desktop/coe510/build/hand_gesture/build/lib/hand_gesture
[0.960s] copying hand_gesture/gesture_node.py -> /home/omar/Desktop/coe510/build/hand_gesture/build/lib/hand_gesture
[0.961s] running install
[0.965s] running install_lib
[0.980s] running install_data
[0.980s] copying resource/hand_gesture -> /home/omar/Desktop/coe510/install/hand_gesture/share/ament_index/resource_index/packages
[0.980s] copying package.xml -> /home/omar/Desktop/coe510/install/hand_gesture/share/hand_gesture
[0.980s] running install_egg_info
[0.995s] removing '/home/omar/Desktop/coe510/install/hand_gesture/lib/python3.10/site-packages/hand_gesture-0.0.0-py3.10.egg-info' (and everything under it)
[0.995s] Copying ../../build/hand_gesture/hand_gesture.egg-info to /home/omar/Desktop/coe510/install/hand_gesture/lib/python3.10/site-packages/hand_gesture-0.0.0-py3.10.egg-info
[0.996s] running install_scripts
[1.025s] Installing gesture_node script to /home/omar/Desktop/coe510/install/hand_gesture/lib/hand_gesture
[1.025s] Installing robot_node script to /home/omar/Desktop/coe510/install/hand_gesture/lib/hand_gesture
[1.026s] writing list of installed files to '/home/omar/Desktop/coe510/build/hand_gesture/install.log'
[1.051s] Invoked command in '/home/omar/Desktop/coe510/src/hand_gesture' returned '0': PYTHONPATH=/home/omar/Desktop/coe510/build/hand_gesture/prefix_override:/usr/lib/python3/dist-packages/colcon_core/task/python/colcon_distutils_commands:/home/omar/Desktop/coe510/install/hand_gesture/lib/python3.10/site-packages:${PYTHONPATH} /usr/bin/python3 -W ignore:setup.py install is deprecated -W ignore:easy_install command is deprecated setup.py egg_info --egg-base ../../build/hand_gesture build --build-base /home/omar/Desktop/coe510/build/hand_gesture/build install --record /home/omar/Desktop/coe510/build/hand_gesture/install.log --single-version-externally-managed install_data
